<?xml version="1.0" encoding="utf-8"?><testsuites name="pytest tests"><testsuite name="pytest" errors="0" failures="1" skipped="0" tests="17" time="0.176" timestamp="2026-06-25T17:05:41.506760+05:30" hostname="DESKTOP-OD6ROMA"><testcase classname="tests.test_vitals_intake.TestPainLevelExtraction" name="test_explicit_number" time="0.003" /><testcase classname="tests.test_vitals_intake.TestPainLevelExtraction" name="test_range_clamping" time="0.001" /><testcase classname="tests.test_vitals_intake.TestPainLevelExtraction" name="test_multiple_numbers" time="0.001" /><testcase classname="tests.test_vitals_intake.TestTemperatureExtraction" name="test_decimal_temperature" time="0.011" /><testcase classname="tests.test_vitals_intake.TestTemperatureExtraction" name="test_whole_number_temperature" time="0.002" /><testcase classname="tests.test_vitals_intake.TestBooleanExtraction" name="test_affirmative_responses" time="0.001" /><testcase classname="tests.test_vitals_intake.TestBooleanExtraction" name="test_negative_responses" time="0.004" /><testcase classname="tests.test_vitals_intake.TestCategoricalExtraction" name="test_wound_status_normal" time="0.001" /><testcase classname="tests.test_vitals_intake.TestCategoricalExtraction" name="test_wound_status_concerning" time="0.001" /><testcase classname="tests.test_vitals_intake.TestCategoricalExtraction" name="test_mobility_improving" time="0.001" /><testcase classname="tests.test_vitals_intake.TestCategoricalExtraction" name="test_appetite_categories" time="0.001"><failure message="AssertionError: assert 'good' == 'poor'&#10;  &#10;  #x1B[0m#x1B[91m- poor#x1B[39;49;00m#x1B[90m#x1B[39;49;00m&#10;  #x1B[92m+ good#x1B[39;49;00m#x1B[90m#x1B[39;49;00m">test_vitals_intake.py:140: in test_appetite_categories
    assert result["value"] == expected
E   AssertionError: assert 'good' == 'poor'
E     
E     #x1B[0m#x1B[91m- poor#x1B[39;49;00m#x1B[90m#x1B[39;49;00m
E     #x1B[92m+ good#x1B[39;49;00m#x1B[90m#x1B[39;49;00m</failure></testcase><testcase classname="tests.test_vitals_intake.TestChecklistProgress" name="test_empty_checklist" time="0.001" /><testcase classname="tests.test_vitals_intake.TestChecklistProgress" name="test_partial_checklist" time="0.001" /><testcase classname="tests.test_vitals_intake.TestChecklistProgress" name="test_complete_checklist" time="0.001" /><testcase classname="tests.test_vitals_intake.TestChecklistProgress" name="test_progress_calculation" time="0.001" /><testcase classname="tests.test_vitals_intake.TestExtractionAccuracy" name="test_pain_extraction_accuracy" time="0.001" /><testcase classname="tests.test_vitals_intake.TestExtractionAccuracy" name="test_boolean_extraction_accuracy" time="0.002" /></testsuite></testsuites>