<?xml version="1.0" encoding="utf-8"?><testsuites name="pytest tests"><testsuite name="pytest" errors="0" failures="1" skipped="0" tests="18" time="93.658" timestamp="2026-06-25T17:05:55.918803+05:30" hostname="DESKTOP-OD6ROMA"><testcase classname="tests.test_rag_service.TestDocumentIndexing" name="test_index_simple_document" time="1.397" /><testcase classname="tests.test_rag_service.TestDocumentIndexing" name="test_index_long_document" time="1.238" /><testcase classname="tests.test_rag_service.TestDocumentIndexing" name="test_chunk_text_method" time="0.001" /><testcase classname="tests.test_rag_service.TestSemanticSearch" name="test_query_relevant_content" time="4.221" /><testcase classname="tests.test_rag_service.TestSemanticSearch" name="test_query_with_metadata_filter" time="4.304" /><testcase classname="tests.test_rag_service.TestSemanticSearch" name="test_query_returns_distances" time="7.097" /><testcase classname="tests.test_rag_service.TestDischargeGuidance" name="test_get_discharge_guidance" time="0.864" /><testcase classname="tests.test_rag_service.TestDischargeGuidance" name="test_guidance_with_low_confidence" time="2.112" /><testcase classname="tests.test_rag_service.TestDischargeGuidance" name="test_guidance_fallback_to_files" time="0.003" /><testcase classname="tests.test_rag_service.TestRAGResponseGeneration" name="test_generate_rag_response" time="1.262" /><testcase classname="tests.test_rag_service.TestRAGResponseGeneration" name="test_response_uses_context" time="4.455" /><testcase classname="tests.test_rag_service.TestRAGResponseGeneration" name="test_response_handles_no_context" time="9.520" /><testcase classname="tests.test_rag_service.TestRAGResponseGeneration" name="test_response_safety" time="4.364"><failure message="AssertionError: assert ('care team' in 'based on your discharge instructions, i can help with that. let me check the details and get back to you, or you can refer to your discharge paperwork for specific guidance.' or 'doctor' in 'based on your discharge instructions, i can help with that. let me check the details and get back to you, or you can refer to your discharge paperwork for specific guidance.' or 'provider' in 'based on your discharge instructions, i can help with that. let me check the details and get back to you, or you can refer to your discharge paperwork for specific guidance.')&#10; +  where 'based on your discharge instructions, i can help with that. let me check the details and get back to you, or you can refer to your discharge paperwork for specific guidance.' = &lt;built-in method lower of str object at 0x000001E2FCE911B0&gt;()&#10; +    where &lt;built-in method lower of str object at 0x000001E2FCE911B0&gt; = 'Based on your discharge instructions, I can help with that. Let me check the details and get back to you, or you can refer to your discharge paperwork for specific guidance.'.lower&#10; +  and   'based on your discharge instructions, i can help with that. let me check the details and get back to you, or you can refer to your discharge paperwork for specific guidance.' = &lt;built-in method lower of str object at 0x000001E2FCE911B0&gt;()&#10; +    where &lt;built-in method lower of str object at 0x000001E2FCE911B0&gt; = 'Based on your discharge instructions, I can help with that. Let me check the details and get back to you, or you can refer to your discharge paperwork for specific guidance.'.lower&#10; +  and   'based on your discharge instructions, i can help with that. let me check the details and get back to you, or you can refer to your discharge paperwork for specific guidance.' = &lt;built-in method lower of str object at 0x000001E2FCE911B0&gt;()&#10; +    where &lt;built-in method lower of str object at 0x000001E2FCE911B0&gt; = 'Based on your discharge instructions, I can help with that. Let me check the details and get back to you, or you can refer to your discharge paperwork for specific guidance.'.lower">test_rag_service.py:224: in test_response_safety
    assert "care team" in response.lower() or "doctor" in response.lower() or "provider" in response.lower()
E   AssertionError: assert ('care team' in 'based on your discharge instructions, i can help with that. let me check the details and get back to you, or you can refer to your discharge paperwork for specific guidance.' or 'doctor' in 'based on your discharge instructions, i can help with that. let me check the details and get back to you, or you can refer to your discharge paperwork for specific guidance.' or 'provider' in 'based on your discharge instructions, i can help with that. let me check the details and get back to you, or you can refer to your discharge paperwork for specific guidance.')
E    +  where 'based on your discharge instructions, i can help with that. let me check the details and get back to you, or you can refer to your discharge paperwork for specific guidance.' = &lt;built-in method lower of str object at 0x000001E2FCE911B0&gt;()
E    +    where &lt;built-in method lower of str object at 0x000001E2FCE911B0&gt; = 'Based on your discharge instructions, I can help with that. Let me check the details and get back to you, or you can refer to your discharge paperwork for specific guidance.'.lower
E    +  and   'based on your discharge instructions, i can help with that. let me check the details and get back to you, or you can refer to your discharge paperwork for specific guidance.' = &lt;built-in method lower of str object at 0x000001E2FCE911B0&gt;()
E    +    where &lt;built-in method lower of str object at 0x000001E2FCE911B0&gt; = 'Based on your discharge instructions, I can help with that. Let me check the details and get back to you, or you can refer to your discharge paperwork for specific guidance.'.lower
E    +  and   'based on your discharge instructions, i can help with that. let me check the details and get back to you, or you can refer to your discharge paperwork for specific guidance.' = &lt;built-in method lower of str object at 0x000001E2FCE911B0&gt;()
E    +    where &lt;built-in method lower of str object at 0x000001E2FCE911B0&gt; = 'Based on your discharge instructions, I can help with that. Let me check the details and get back to you, or you can refer to your discharge paperwork for specific guidance.'.lower</failure></testcase><testcase classname="tests.test_rag_service.TestClinicalGuidelinesIndexing" name="test_index_clinical_guidelines" time="44.245" /><testcase classname="tests.test_rag_service.TestClinicalGuidelinesIndexing" name="test_guidelines_exist" time="0.001" /><testcase classname="tests.test_rag_service.TestClinicalGuidelinesIndexing" name="test_discharge_summaries_exist" time="0.001" /><testcase classname="tests.test_rag_service.TestConfidenceThreshold" name="test_confidence_filtering" time="3.612" /><testcase classname="tests.test_rag_service.TestRAGAccuracy" name="test_retrieval_accuracy" time="4.688" /></testsuite></testsuites>