<?xml version="1.0" encoding="utf-8"?><testsuites name="pytest tests"><testsuite name="pytest" errors="0" failures="2" skipped="0" tests="20" time="12.475" timestamp="2026-06-25T17:05:42.949606+05:30" hostname="DESKTOP-OD6ROMA"><testcase classname="tests.test_supervisor.TestIntentClassification" name="test_question_detection_with_question_mark" time="0.018" /><testcase classname="tests.test_supervisor.TestIntentClassification" name="test_question_detection_with_indicators" time="0.009" /><testcase classname="tests.test_supervisor.TestIntentClassification" name="test_vitals_collection_mid_checklist" time="0.013" /><testcase classname="tests.test_supervisor.TestIntentClassification" name="test_vitals_collection_yes_no_answer" time="0.010" /><testcase classname="tests.test_supervisor.TestIntentClassification" name="test_general_when_checklist_complete" time="0.006" /><testcase classname="tests.test_supervisor.TestConversationOrchestration" name="test_emergency_immediate_escalation" time="0.017" /><testcase classname="tests.test_supervisor.TestConversationOrchestration" name="test_urgent_escalation_flag" time="0.797" /><testcase classname="tests.test_supervisor.TestConversationOrchestration" name="test_vitals_collection_flow" time="0.582"><failure message="AssertionError: assert 'pain' in 'thank you for sharing that with me. now, have you been able to check your temperature today? if so, what was it?'&#10; +  where 'thank you for sharing that with me. now, have you been able to check your temperature today? if so, what was it?' = &lt;built-in method lower of str object at 0x000001E2FFBD2290&gt;()&#10; +    where &lt;built-in method lower of str object at 0x000001E2FFBD2290&gt; = 'Thank you for sharing that with me. Now, Have you been able to check your temperature today? If so, what was it?'.lower">test_supervisor.py:129: in test_vitals_collection_flow
    assert "pain" in result["response"].lower()
E   AssertionError: assert 'pain' in 'thank you for sharing that with me. now, have you been able to check your temperature today? if so, what was it?'
E    +  where 'thank you for sharing that with me. now, have you been able to check your temperature today? if so, what was it?' = &lt;built-in method lower of str object at 0x000001E2FFBD2290&gt;()
E    +    where &lt;built-in method lower of str object at 0x000001E2FFBD2290&gt; = 'Thank you for sharing that with me. Now, Have you been able to check your temperature today? If so, what was it?'.lower</failure></testcase><testcase classname="tests.test_supervisor.TestConversationOrchestration" name="test_vitals_extraction_and_progression" time="0.594" /><testcase classname="tests.test_supervisor.TestConversationOrchestration" name="test_checklist_completion" time="0.430" /><testcase classname="tests.test_supervisor.TestConversationOrchestration" name="test_question_routing_to_rag" time="3.955" /><testcase classname="tests.test_supervisor.TestPHIDeidentification" name="test_phi_deidentification_in_pipeline" time="0.710" /><testcase classname="tests.test_supervisor.TestRiskModifierCalculation" name="test_high_pain_increases_risk" time="0.636" /><testcase classname="tests.test_supervisor.TestRiskModifierCalculation" name="test_fever_increases_risk" time="0.014" /><testcase classname="tests.test_supervisor.TestRiskModifierCalculation" name="test_multiple_risk_factors_accumulate" time="0.023" /><testcase classname="tests.test_supervisor.TestInitialMessage" name="test_initial_message_personalization" time="0.001" /><testcase classname="tests.test_supervisor.TestInitialMessage" name="test_initial_message_structure" time="0.001" /><testcase classname="tests.test_supervisor.TestEndToEndConversationFlow" name="test_normal_vitals_collection_flow" time="2.521"><failure message="AssertionError: assert 'mobility_status' in ['pain_level', 'temperature', 'wound_status', 'medication_adherence']">test_supervisor.py:368: in test_normal_vitals_collection_flow
    assert expected_item in result["checklist_update"]
E   AssertionError: assert 'mobility_status' in ['pain_level', 'temperature', 'wound_status', 'medication_adherence']</failure></testcase><testcase classname="tests.test_supervisor.TestEndToEndConversationFlow" name="test_emergency_interrupts_vitals" time="0.012" /><testcase classname="tests.test_supervisor.TestSupervisorAccuracy" name="test_routing_accuracy" time="1.964" /></testsuite></testsuites>