<?xml version="1.0" encoding="utf-8"?><testsuites name="pytest tests"><testsuite name="pytest" errors="0" failures="1" skipped="0" tests="20" time="0.228" timestamp="2026-06-25T17:05:42.167276+05:30" hostname="DESKTOP-OD6ROMA"><testcase classname="tests.test_clinical_triage.TestRedFlagDetection" name="test_emergency_chest_pain" time="0.009" /><testcase classname="tests.test_clinical_triage.TestRedFlagDetection" name="test_emergency_breathing" time="0.001" /><testcase classname="tests.test_clinical_triage.TestRedFlagDetection" name="test_emergency_stroke" time="0.001" /><testcase classname="tests.test_clinical_triage.TestRedFlagDetection" name="test_emergency_bleeding" time="0.002" /><testcase classname="tests.test_clinical_triage.TestRedFlagDetection" name="test_urgent_fever" time="0.002" /><testcase classname="tests.test_clinical_triage.TestRedFlagDetection" name="test_urgent_wound_infection" time="0.001" /><testcase classname="tests.test_clinical_triage.TestRedFlagDetection" name="test_urgent_high_pain" time="0.002" /><testcase classname="tests.test_clinical_triage.TestRedFlagDetection" name="test_no_red_flags_routine" time="0.002" /><testcase classname="tests.test_clinical_triage.TestRedFlagDetection" name="test_multiple_red_flags" time="0.002"><failure message="AssertionError: assert 1 &gt;= 2&#10; +  where 1 = len([{'type': 'chest_pain', 'severity': 'EMERGENCY', 'matched': 'chest pain', 'pattern': 'chest\\s*pain'}])">test_clinical_triage.py:87: in test_multiple_red_flags
    assert len(result["red_flags"]) &gt;= 2
E   AssertionError: assert 1 &gt;= 2
E    +  where 1 = len([{'type': 'chest_pain', 'severity': 'EMERGENCY', 'matched': 'chest pain', 'pattern': 'chest\\s*pain'}])</failure></testcase><testcase classname="tests.test_clinical_triage.TestRiskScoring" name="test_high_pain_modifier" time="0.004" /><testcase classname="tests.test_clinical_triage.TestRiskScoring" name="test_high_fever_modifier" time="0.002" /><testcase classname="tests.test_clinical_triage.TestRiskScoring" name="test_moderate_fever_modifier" time="0.002" /><testcase classname="tests.test_clinical_triage.TestRiskScoring" name="test_medication_nonadherence_modifier" time="0.001" /><testcase classname="tests.test_clinical_triage.TestRiskScoring" name="test_wound_concern_modifier" time="0.001" /><testcase classname="tests.test_clinical_triage.TestRiskScoring" name="test_combined_modifiers" time="0.001" /><testcase classname="tests.test_clinical_triage.TestTriageNotes" name="test_emergency_note_includes_action" time="0.002" /><testcase classname="tests.test_clinical_triage.TestTriageNotes" name="test_urgent_note_includes_timeframe" time="0.001" /><testcase classname="tests.test_clinical_triage.TestTriageNotes" name="test_routine_note_no_escalation" time="0.002" /><testcase classname="tests.test_clinical_triage.TestTriageAccuracy" name="test_classification_accuracy" time="0.002" /><testcase classname="tests.test_clinical_triage.TestTriageAccuracy" name="test_emergency_recall" time="0.002" /></testsuite></testsuites>